C51 COMPILER V9.54   MATRIXKEY                                                             09/04/2022 14:30:54 PAGE 1   


C51 COMPILER V9.54, COMPILATION OF MODULE MATRIXKEY
OBJECT MODULE PLACED IN .\Objects\MatrixKey.obj
COMPILER INVOKED BY: D:\keil_v5\C51\BIN\C51.EXE MatrixKey.c OPTIMIZE(8,SPEED) BROWSE DEBUG OBJECTEXTEND PRINT(.\Listings
                    -\MatrixKey.lst) OBJECT(.\Objects\MatrixKey.obj)

line level    source

   1          #include <REGX52.H>
   2          #include "Delay.h"
   3          
   4          /**
   5            * @brief      获取矩阵键盘键码值
   6            * @param      无
   7            * @retval     keyNumber 按下按键的键码值
   8            如果按键按下不放，程序会阻塞在此函数，松手的一瞬间返回键码
   9            */
  10          unsigned char MatrixKey()
  11          {
  12   1              unsigned char keyNumber = 0;
  13   1              
  14   1              //扫描第一列，根据原理图，P1_3置0
  15   1              P1 = 0xFF;
  16   1              P1_3 = 0;
  17   1              if (P1_7 == 0) {Delay(20); while(P1_7 == 0); Delay(20); keyNumber = 1;}  //第一行
  18   1              if (P1_6 == 0) {Delay(20); while(P1_6 == 0); Delay(20); keyNumber = 5;}  //第二行
  19   1              if (P1_5 == 0) {Delay(20); while(P1_5 == 0); Delay(20); keyNumber = 9;}  //第三行
  20   1              if (P1_4 == 0) {Delay(20); while(P1_4 == 0); Delay(20); keyNumber = 13;}  //第四行
  21   1              
  22   1              //扫描第二列，根据原理图，P1_2置0
  23   1              P1 = 0xFF;
  24   1              P1_2 = 0;
  25   1              if (P1_7 == 0) {Delay(20); while(P1_7 == 0); Delay(20); keyNumber = 2;}  //第一行
  26   1              if (P1_6 == 0) {Delay(20); while(P1_6 == 0); Delay(20); keyNumber = 6;}  //第二行
  27   1              if (P1_5 == 0) {keyNumber = 10;}  //第三行
  28   1              if (P1_4 == 0) {Delay(20); while(P1_4 == 0); Delay(20); keyNumber = 14;}  //第四行
  29   1              
  30   1              //扫描第三列，根据原理图，P1_1置0
  31   1              P1 = 0xFF;
  32   1              P1_1 = 0;
  33   1              if (P1_7 == 0) {Delay(20); while(P1_7 == 0); Delay(20); keyNumber = 3;}  //第一行
  34   1              if (P1_6 == 0) {keyNumber = 7;}  //第二行
  35   1              if (P1_5 == 0) {Delay(20); while(P1_5 == 0); Delay(20); keyNumber = 11;}  //第三行
  36   1              if (P1_4 == 0) {keyNumber = 15;}  //第四行
  37   1              
  38   1              //扫描第四列，根据原理图，P1_0置0
  39   1              P1 = 0xFF;
  40   1              P1_0 = 0;
  41   1              if (P1_7 == 0) {Delay(20); while(P1_7 == 0); Delay(20); keyNumber = 4;}  //第一行
  42   1              if (P1_6 == 0) {Delay(20); while(P1_6 == 0); Delay(20); keyNumber = 8;}  //第二行
  43   1              if (P1_5 == 0) {keyNumber = 12;}  //第三行
  44   1              if (P1_4 == 0) {Delay(20); while(P1_4 == 0); Delay(20); keyNumber = 16;}  //第四行
  45   1              
  46   1              return keyNumber;
  47   1      }


MODULE INFORMATION:   STATIC OVERLAYABLE
   CODE SIZE        =    325    ----
   CONSTANT SIZE    =   ----    ----
   XDATA SIZE       =   ----    ----
   PDATA SIZE       =   ----    ----
C51 COMPILER V9.54   MATRIXKEY                                                             09/04/2022 14:30:54 PAGE 2   

   DATA SIZE        =   ----       1
   IDATA SIZE       =   ----    ----
   BIT SIZE         =   ----    ----
END OF MODULE INFORMATION.


C51 COMPILATION COMPLETE.  0 WARNING(S),  0 ERROR(S)
