C51 COMPILER V9.54   TIMER0                                                                09/04/2022 14:30:54 PAGE 1   


C51 COMPILER V9.54, COMPILATION OF MODULE TIMER0
OBJECT MODULE PLACED IN .\Objects\Timer0.obj
COMPILER INVOKED BY: D:\keil_v5\C51\BIN\C51.EXE Timer0.c OPTIMIZE(8,SPEED) BROWSE DEBUG OBJECTEXTEND PRINT(.\Listings\Ti
                    -mer0.lst) OBJECT(.\Objects\Timer0.obj)

line level    source

   1          #include <REGX52.H>
   2          
   3          /**
   4            * @brief      Timer0初始化函数，设定每1ms溢出一次，晶振频率为11.0592MHz
   5            * @param      无
   6            * @retval     无
   7            */
   8          void Timer0_Init()
   9          {
  10   1              TMOD &= 0xF0;           //设置定时器模式
  11   1              TMOD |= 0x01;           //设置定时器模式
  12   1              TL0 = 0x66;             //设置定时初始值
  13   1              TH0 = 0xFC;             //设置定时初始值
  14   1              TF0 = 0;                        //清除TF0标志
  15   1              TR0 = 1;                        //定时器0开始计时
  16   1              ET0 = 1;                        //设置中断系统溢出允许
  17   1              EA = 1;                         //设置总中断控制位
  18   1              PT0 = 0;                        //设置中断优先级
  19   1      }
  20          
  21          /**
  22            * @brief      定时器0所申请的中断函数，此处设定为每1ms*1000=1s执行一次
  23            * @param      无
  24            * @retval     无
  25            */
  26          //void Timer0_Routine() interrupt 1
  27          //{
  28          //      static unsigned int t0Count;
  29          //      
  30          //      //每次进入中断，TH-TL都会被清零，不符合计时1ms要求，因此需要重新赋值
  31          //      TL0 = 0x66;                     
  32          //      TH0 = 0xFC;
  33          //      t0Count ++;
  34          //      if (t0Count >= 1000)
  35          //      {
  36          //              t0Count = 0;
  37          //              ####此处进行中断操作###
  38          //      }
  39          //}


MODULE INFORMATION:   STATIC OVERLAYABLE
   CODE SIZE        =     23    ----
   CONSTANT SIZE    =   ----    ----
   XDATA SIZE       =   ----    ----
   PDATA SIZE       =   ----    ----
   DATA SIZE        =   ----    ----
   IDATA SIZE       =   ----    ----
   BIT SIZE         =   ----    ----
END OF MODULE INFORMATION.


C51 COMPILATION COMPLETE.  0 WARNING(S),  0 ERROR(S)
