C51 COMPILER V9.54   KEY                                                                   09/05/2022 21:27:49 PAGE 1   


C51 COMPILER V9.54, COMPILATION OF MODULE KEY
OBJECT MODULE PLACED IN .\Objects\Key.obj
COMPILER INVOKED BY: D:\keil_v5\C51\BIN\C51.EXE Key.c OPTIMIZE(8,SPEED) BROWSE DEBUG OBJECTEXTEND PRINT(.\Listings\Key.l
                    -st) OBJECT(.\Objects\Key.obj)

line level    source

   1          #include <REGX52.H>
   2          #include "Delay.h"
   3          
   4          /**
   5            * @brief      获取独立按键键码
   6            * @param      无
   7            * @retval     keyNum 未按按键值为0，按下不松手程序阻塞，松手立即返回键码1~4
   8            */
   9          unsigned char Key()
  10          {
  11   1              unsigned char keyNum = 0;
  12   1              
  13   1              if (P3_1 == 0) {Delay(20); while(P3_1 == 0); Delay(20); keyNum = 1; }
  14   1              if (P3_0 == 0) {Delay(20); while(P3_0 == 0); Delay(20); keyNum = 2; }
  15   1              if (P3_2 == 0) {Delay(20); while(P3_2 == 0); Delay(20); keyNum = 3; }
  16   1              if (P3_3 == 0) {Delay(20); while(P3_3 == 0); Delay(20); keyNum = 4; }
  17   1              
  18   1              return keyNum;
  19   1      }


MODULE INFORMATION:   STATIC OVERLAYABLE
   CODE SIZE        =     97    ----
   CONSTANT SIZE    =   ----    ----
   XDATA SIZE       =   ----    ----
   PDATA SIZE       =   ----    ----
   DATA SIZE        =   ----       1
   IDATA SIZE       =   ----    ----
   BIT SIZE         =   ----    ----
END OF MODULE INFORMATION.


C51 COMPILATION COMPLETE.  0 WARNING(S),  0 ERROR(S)
